-------------------------------------------------------------------------------
Test set: app.ApplicationTests
-------------------------------------------------------------------------------
Tests run: 1, Failures: 0, Errors: 1, Skipped: 0, Time elapsed: 0 s <<< FAILURE! - in app.ApplicationTests
initializationError(app.ApplicationTests)  Time elapsed: 0 s  <<< ERROR!
java.lang.Exception: No runnable methods

