<?xml version="1.0" encoding="UTF-8"?>
<testsuite xmlns:xsi="http://www.w3.org/2001/XMLSchema-instance" xsi:noNamespaceSchemaLocation="https://maven.apache.org/surefire/maven-surefire-plugin/xsd/surefire-test-report.xsd" name="app.ControllerTest" time="0.415" tests="1" errors="1" skipped="0" failures="0">
  <properties>
[...]
</properties>
  <testcase name="initializationError" classname="app.ControllerTest" time="0">
    <error message="Unable to find a @SpringBootConfiguration, you need to use @ContextConfiguration or @SpringBootTest(classes=...) with your test" type="java.lang.IllegalStateException">java.lang.IllegalStateException: Unable to find a @SpringBootConfiguration, you need to use @ContextConfiguration or @SpringBootTest(classes=...) with your test
</error>
    <system-out><![CDATA[22:27:16.825 [main] DEBUG org.springframework.test.context.junit4.SpringJUnit4ClassRunner - SpringJUnit4ClassRunner constructor called with [class app.ControllerTest]
22:27:16.832 [main] DEBUG org.springframework.test.context.BootstrapUtils - Instantiating CacheAwareContextLoaderDelegate from class [org.springframework.test.context.cache.DefaultCacheAwareContextLoaderDelegate]
22:27:16.847 [main] DEBUG org.springframework.test.context.BootstrapUtils - Instantiating BootstrapContext using constructor [public org.springframework.test.context.support.DefaultBootstrapContext(java.lang.Class,org.springframework.test.context.CacheAwareContextLoaderDelegate)]
22:27:16.889 [main] DEBUG org.springframework.test.context.BootstrapUtils - Instantiating TestContextBootstrapper for test class [app.ControllerTest] from class [org.springframework.boot.test.autoconfigure.web.servlet.WebMvcTestContextBootstrapper]
22:27:16.929 [main] INFO org.springframework.boot.test.autoconfigure.web.servlet.WebMvcTestContextBootstrapper - Neither @ContextConfiguration nor @ContextHierarchy found for test class [app.ControllerTest], using SpringBootContextLoader
22:27:16.934 [main] DEBUG org.springframework.test.context.support.AbstractContextLoader - Did not detect default resource location for test class [app.ControllerTest]: class path resource [app/ControllerTest-context.xml] does not exist
22:27:16.935 [main] DEBUG org.springframework.test.context.support.AbstractContextLoader - Did not detect default resource location for test class [app.ControllerTest]: class path resource [app/ControllerTestContext.groovy] does not exist
22:27:16.935 [main] INFO org.springframework.test.context.support.AbstractContextLoader - Could not detect default resource locations for test class [app.ControllerTest]: no resource found for suffixes {-context.xml, Context.groovy}.
22:27:16.936 [main] INFO org.springframework.test.context.support.AnnotationConfigContextLoaderUtils - Could not detect default configuration classes for test class [app.ControllerTest]: ControllerTest does not declare any static, non-private, non-final, nested classes annotated with @Configuration.
22:27:17.110 [main] DEBUG org.springframework.test.context.support.ActiveProfilesUtils - Could not find an 'annotation declaring class' for annotation type [org.springframework.test.context.ActiveProfiles] and class [app.ControllerTest]
22:27:17.128 [main] DEBUG org.springframework.core.env.StandardEnvironment - Adding PropertySource 'systemProperties' with lowest search precedence
22:27:17.128 [main] DEBUG org.springframework.core.env.StandardEnvironment - Adding PropertySource 'systemEnvironment' with lowest search precedence
22:27:17.129 [main] DEBUG org.springframework.core.env.StandardEnvironment - Initialized StandardEnvironment with PropertySources [MapPropertySource@1353170030 {name='systemProperties', properties={idea.version=14.1.4, java.runtime.name=Java(TM) SE Runtime Environment, sun.boot.library.path=/Library/Java/JavaVirtualMachines/jdk1.8.0_72.jdk/Contents/Home/jre/lib, java.vm.version=25.72-b15, gopherProxySet=false, java.vm.vendor=Oracle Corporation, java.vendor.url=http://java.oracle.com/, path.separator=:, java.vm.name=Java HotSpot(TM) 64-Bit Server VM, file.encoding.pkg=sun.io, user.country=US, sun.java.launcher=SUN_STANDARD, sun.os.patch.level=unknown, java.vm.specification.name=Java Virtual Machine Specification, user.dir=/Users/yanildamartinez/Documents/workspace/gs-actuator-service-master/complete, java.runtime.version=1.8.0_72-b15, basedir=/Users/yanildamartinez/Documents/workspace/gs-actuator-service-master/complete, java.awt.graphicsenv=sun.awt.CGraphicsEnvironment, java.endorsed.dirs=/Library/Java/JavaVirtualMachines/jdk1.8.0_72.jdk/Contents/Home/jre/lib/endorsed, os.arch=x86_64, surefire.real.class.path=/Users/yanildamartinez/Documents/workspace/gs-actuator-service-master/complete/target/surefire/surefirebooter8579751027989077524.jar, spring.profiles.active=prod, java.io.tmpdir=/var/folders/qr/ngwzdmc96y3b9_p2frll4rxm0000gn/T/, line.separator=
, java.vm.specification.vendor=Oracle Corporation, os.name=Mac OS X, sun.jnu.encoding=UTF-8, java.library.path=/Users/yanildamartinez/Library/Java/Extensions:/Library/Java/Extensions:/Network/Library/Java/Extensions:/System/Library/Java/Extensions:/usr/lib/java:., surefire.test.class.path=/Users/yanildamartinez/Documents/workspace/gs-actuator-service-master/complete/target/test-classes:/Users/yanildamartinez/Documents/workspace/gs-actuator-service-master/complete/target/classes:/Users/yanildamartinez/.m2/repository/io/springfox/springfox-swagger2/2.7.0/springfox-swagger2-2.7.0.jar:/Users/yanildamartinez/.m2/repository/io/swagger/swagger-annotations/1.5.13/swagger-annotations-1.5.13.jar:/Users/yanildamartinez/.m2/repository/io/swagger/swagger-models/1.5.13/swagger-models-1.5.13.jar:/Users/yanildamartinez/.m2/repository/com/fasterxml/jackson/core/jackson-annotations/2.9.0/jackson-annotations-2.9.0.jar:/Users/yanildamartinez/.m2/repository/io/springfox/springfox-spi/2.7.0/springfox-spi-2.7.0.jar:/Users/yanildamartinez/.m2/repository/io/springfox/springfox-core/2.7.0/springfox-core-2.7.0.jar:/Users/yanildamartinez/.m2/repository/io/springfox/springfox-schema/2.7.0/springfox-schema-2.7.0.jar:/Users/yanildamartinez/.m2/repository/io/springfox/springfox-swagger-common/2.7.0/springfox-swagger-common-2.7.0.jar:/Users/yanildamartinez/.m2/repository/io/springfox/springfox-spring-web/2.7.0/springfox-spring-web-2.7.0.jar:/Users/yanildamartinez/.m2/repository/org/reflections/reflections/0.9.11/reflections-0.9.11.jar:/Users/yanildamartinez/.m2/repository/org/javassist/javassist/3.21.0-GA/javassist-3.21.0-GA.jar:/Users/yanildamartinez/.m2/repository/com/google/guava/guava/18.0/guava-18.0.jar:/Users/yanildamartinez/.m2/repository/com/fasterxml/classmate/1.3.4/classmate-1.3.4.jar:/Users/yanildamartinez/.m2/repository/org/slf4j/slf4j-api/1.7.25/slf4j-api-1.7.25.jar:/Users/yanildamartinez/.m2/repository/org/springframework/plugin/spring-plugin-core/1.2.0.RELEASE/spring-plugin-core-1.2.0.RELEASE.jar:/Users/yanildamartinez/.m2/repository/org/springframework/spring-beans/5.0.7.RELEASE/spring-beans-5.0.7.RELEASE.jar:/Users/yanildamartinez/.m2/repository/org/springframework/spring-context/5.0.7.RELEASE/spring-context-5.0.7.RELEASE.jar:/Users/yanildamartinez/.m2/repository/org/springframework/spring-aop/5.0.7.RELEASE/spring-aop-5.0.7.RELEASE.jar:/Users/yanildamartinez/.m2/repository/org/springframework/plugin/spring-plugin-metadata/1.2.0.RELEASE/spring-plugin-metadata-1.2.0.RELEASE.jar:/Users/yanildamartinez/.m2/repository/org/mapstruct/mapstruct/1.1.0.Final/mapstruct-1.1.0.Final.jar:/Users/yanildamartinez/.m2/repository/io/springfox/springfox-swagger-ui/2.7.0/springfox-swagger-ui-2.7.0.jar:/Users/yanildamartinez/.m2/repository/org/springframework/boot/spring-boot-starter-web/2.0.3.RELEASE/spring-boot-starter-web-2.0.3.RELEASE.jar:/Users/yanildamartinez/.m2/repository/org/springframework/boot/spring-boot-starter/2.0.3.RELEASE/spring-boot-starter-2.0.3.RELEASE.jar:/Users/yanildamartinez/.m2/repository/org/springframework/boot/spring-boot/2.0.3.RELEASE/spring-boot-2.0.3.RELEASE.jar:/Users/yanildamartinez/.m2/repository/org/springframework/boot/spring-boot-autoconfigure/2.0.3.RELEASE/spring-boot-autoconfigure-2.0.3.RELEASE.jar:/Users/yanildamartinez/.m2/repository/org/springframework/boot/spring-boot-starter-logging/2.0.3.RELEASE/spring-boot-starter-logging-2.0.3.RELEASE.jar:/Users/yanildamartinez/.m2/repository/ch/qos/logback/logback-classic/1.2.3/logback-classic-1.2.3.jar:/Users/yanildamartinez/.m2/repository/ch/qos/logback/logback-core/1.2.3/logback-core-1.2.3.jar:/Users/yanildamartinez/.m2/repository/org/apache/logging/log4j/log4j-to-slf4j/2.10.0/log4j-to-slf4j-2.10.0.jar:/Users/yanildamartinez/.m2/repository/org/apache/logging/log4j/log4j-api/2.10.0/log4j-api-2.10.0.jar:/Users/yanildamartinez/.m2/repository/org/slf4j/jul-to-slf4j/1.7.25/jul-to-slf4j-1.7.25.jar:/Users/yanildamartinez/.m2/repository/javax/annotation/javax.annotation-api/1.3.2/javax.annotation-api-1.3.2.jar:/Users/yanildamartinez/.m2/repository/org/yaml/snakeyaml/1.19/snakeyaml-1.19.jar:/Users/yanildamartinez/.m2/repository/org/springframework/boot/spring-boot-starter-json/2.0.3.RELEASE/spring-boot-starter-json-2.0.3.RELEASE.jar:/Users/yanildamartinez/.m2/repository/com/fasterxml/jackson/core/jackson-databind/2.9.6/jackson-databind-2.9.6.jar:/Users/yanildamartinez/.m2/repository/com/fasterxml/jackson/core/jackson-core/2.9.6/jackson-core-2.9.6.jar:/Users/yanildamartinez/.m2/repository/com/fasterxml/jackson/datatype/jackson-datatype-jdk8/2.9.6/jackson-datatype-jdk8-2.9.6.jar:/Users/yanildamartinez/.m2/repository/com/fasterxml/jackson/datatype/jackson-datatype-jsr310/2.9.6/jackson-datatype-jsr310-2.9.6.jar:/Users/yanildamartinez/.m2/repository/com/fasterxml/jackson/module/jackson-module-parameter-names/2.9.6/jackson-module-parameter-names-2.9.6.jar:/Users/yanildamartinez/.m2/repository/org/springframework/boot/spring-boot-starter-tomcat/2.0.3.RELEASE/spring-boot-starter-tomcat-2.0.3.RELEASE.jar:/Users/yanildamartinez/.m2/repository/org/apache/tomcat/embed/tomcat-embed-core/8.5.31/tomcat-embed-core-8.5.31.jar:/Users/yanildamartinez/.m2/repository/org/apache/tomcat/embed/tomcat-embed-el/8.5.31/tomcat-embed-el-8.5.31.jar:/Users/yanildamartinez/.m2/repository/org/apache/tomcat/embed/tomcat-embed-websocket/8.5.31/tomcat-embed-websocket-8.5.31.jar:/Users/yanildamartinez/.m2/repository/org/hibernate/validator/hibernate-validator/6.0.10.Final/hibernate-validator-6.0.10.Final.jar:/Users/yanildamartinez/.m2/repository/javax/validation/validation-api/2.0.1.Final/validation-api-2.0.1.Final.jar:/Users/yanildamartinez/.m2/repository/org/jboss/logging/jboss-logging/3.3.2.Final/jboss-logging-3.3.2.Final.jar:/Users/yanildamartinez/.m2/repository/org/springframework/spring-web/5.0.7.RELEASE/spring-web-5.0.7.RELEASE.jar:/Users/yanildamartinez/.m2/repository/org/springframework/spring-webmvc/5.0.7.RELEASE/spring-webmvc-5.0.7.RELEASE.jar:/Users/yanildamartinez/.m2/repository/org/springframework/spring-expression/5.0.7.RELEASE/spring-expression-5.0.7.RELEASE.jar:/Users/yanildamartinez/.m2/repository/org/springframework/boot/spring-boot-starter-actuator/2.0.3.RELEASE/spring-boot-starter-actuator-2.0.3.RELEASE.jar:/Users/yanildamartinez/.m2/repository/org/springframework/boot/spring-boot-actuator-autoconfigure/2.0.3.RELEASE/spring-boot-actuator-autoconfigure-2.0.3.RELEASE.jar:/Users/yanildamartinez/.m2/repository/org/springframework/boot/spring-boot-actuator/2.0.3.RELEASE/spring-boot-actuator-2.0.3.RELEASE.jar:/Users/yanildamartinez/.m2/repository/io/micrometer/micrometer-core/1.0.5/micrometer-core-1.0.5.jar:/Users/yanildamartinez/.m2/repository/org/hdrhistogram/HdrHistogram/2.1.10/HdrHistogram-2.1.10.jar:/Users/yanildamartinez/.m2/repository/org/latencyutils/LatencyUtils/2.0.3/LatencyUtils-2.0.3.jar:/Users/yanildamartinez/.m2/repository/org/springframework/boot/spring-boot-starter-test/2.0.3.RELEASE/spring-boot-starter-test-2.0.3.RELEASE.jar:/Users/yanildamartinez/.m2/repository/org/springframework/boot/spring-boot-test/2.0.3.RELEASE/spring-boot-test-2.0.3.RELEASE.jar:/Users/yanildamartinez/.m2/repository/org/springframework/boot/spring-boot-test-autoconfigure/2.0.3.RELEASE/spring-boot-test-autoconfigure-2.0.3.RELEASE.jar:/Users/yanildamartinez/.m2/repository/com/jayway/jsonpath/json-path/2.4.0/json-path-2.4.0.jar:/Users/yanildamartinez/.m2/repository/net/minidev/json-smart/2.3/json-smart-2.3.jar:/Users/yanildamartinez/.m2/repository/net/minidev/accessors-smart/1.2/accessors-smart-1.2.jar:/Users/yanildamartinez/.m2/repository/org/ow2/asm/asm/5.0.4/asm-5.0.4.jar:/Users/yanildamartinez/.m2/repository/junit/junit/4.12/junit-4.12.jar:/Users/yanildamartinez/.m2/repository/org/assertj/assertj-core/3.9.1/assertj-core-3.9.1.jar:/Users/yanildamartinez/.m2/repository/org/mockito/mockito-core/2.15.0/mockito-core-2.15.0.jar:/Users/yanildamartinez/.m2/repository/net/bytebuddy/byte-buddy/1.7.11/byte-buddy-1.7.11.jar:/Users/yanildamartinez/.m2/repository/net/bytebuddy/byte-buddy-agent/1.7.11/byte-buddy-agent-1.7.11.jar:/Users/yanildamartinez/.m2/repository/org/objenesis/objenesis/2.6/objenesis-2.6.jar:/Users/yanildamartinez/.m2/repository/org/hamcrest/hamcrest-core/1.3/hamcrest-core-1.3.jar:/Users/yanildamartinez/.m2/repository/org/hamcrest/hamcrest-library/1.3/hamcrest-library-1.3.jar:/Users/yanildamartinez/.m2/repository/org/skyscreamer/jsonassert/1.5.0/jsonassert-1.5.0.jar:/Users/yanildamartinez/.m2/repository/com/vaadin/external/google/android-json/0.0.20131108.vaadin1/android-json-0.0.20131108.vaadin1.jar:/Users/yanildamartinez/.m2/repository/org/springframework/spring-core/5.0.7.RELEASE/spring-core-5.0.7.RELEASE.jar:/Users/yanildamartinez/.m2/repository/org/springframework/spring-jcl/5.0.7.RELEASE/spring-jcl-5.0.7.RELEASE.jar:/Users/yanildamartinez/.m2/repository/org/springframework/spring-test/5.0.7.RELEASE/spring-test-5.0.7.RELEASE.jar:/Users/yanildamartinez/.m2/repository/org/xmlunit/xmlunit-core/2.5.1/xmlunit-core-2.5.1.jar:, java.specification.name=Java Platform API Specification, java.class.version=52.0, sun.management.compiler=HotSpot 64-Bit Tiered Compilers, os.version=10.13.6, http.nonProxyHosts=local|*.local|169.254/16|*.169.254/16, user.home=/Users/yanildamartinez, user.timezone=America/New_York, java.awt.printerjob=sun.lwawt.macosx.CPrinterJob, file.encoding=UTF-8, java.specification.version=1.8, java.class.path=/Users/yanildamartinez/Documents/workspace/gs-actuator-service-master/complete/target/test-classes:/Users/yanildamartinez/Documents/workspace/gs-actuator-service-master/complete/target/classes:/Users/yanildamartinez/.m2/repository/io/springfox/springfox-swagger2/2.7.0/springfox-swagger2-2.7.0.jar:/Users/yanildamartinez/.m2/repository/io/swagger/swagger-annotations/1.5.13/swagger-annotations-1.5.13.jar:/Users/yanildamartinez/.m2/repository/io/swagger/swagger-models/1.5.13/swagger-models-1.5.13.jar:/Users/yanildamartinez/.m2/repository/com/fasterxml/jackson/core/jackson-annotations/2.9.0/jackson-annotations-2.9.0.jar:/Users/yanildamartinez/.m2/repository/io/springfox/springfox-spi/2.7.0/springfox-spi-2.7.0.jar:/Users/yanildamartinez/.m2/repository/io/springfox/springfox-core/2.7.0/springfox-core-2.7.0.jar:/Users/yanildamartinez/.m2/repository/io/springfox/springfox-schema/2.7.0/springfox-schema-2.7.0.jar:/Users/yanildamartinez/.m2/repository/io/springfox/springfox-swagger-common/2.7.0/springfox-swagger-common-2.7.0.jar:/Users/yanildamartinez/.m2/repository/io/springfox/springfox-spring-web/2.7.0/springfox-spring-web-2.7.0.jar:/Users/yanildamartinez/.m2/repository/org/reflections/reflections/0.9.11/reflections-0.9.11.jar:/Users/yanildamartinez/.m2/repository/org/javassist/javassist/3.21.0-GA/javassist-3.21.0-GA.jar:/Users/yanildamartinez/.m2/repository/com/google/guava/guava/18.0/guava-18.0.jar:/Users/yanildamartinez/.m2/repository/com/fasterxml/classmate/1.3.4/classmate-1.3.4.jar:/Users/yanildamartinez/.m2/repository/org/slf4j/slf4j-api/1.7.25/slf4j-api-1.7.25.jar:/Users/yanildamartinez/.m2/repository/org/springframework/plugin/spring-plugin-core/1.2.0.RELEASE/spring-plugin-core-1.2.0.RELEASE.jar:/Users/yanildamartinez/.m2/repository/org/springframework/spring-beans/5.0.7.RELEASE/spring-beans-5.0.7.RELEASE.jar:/Users/yanildamartinez/.m2/repository/org/springframework/spring-context/5.0.7.RELEASE/spring-context-5.0.7.RELEASE.jar:/Users/yanildamartinez/.m2/repository/org/springframework/spring-aop/5.0.7.RELEASE/spring-aop-5.0.7.RELEASE.jar:/Users/yanildamartinez/.m2/repository/org/springframework/plugin/spring-plugin-metadata/1.2.0.RELEASE/spring-plugin-metadata-1.2.0.RELEASE.jar:/Users/yanildamartinez/.m2/repository/org/mapstruct/mapstruct/1.1.0.Final/mapstruct-1.1.0.Final.jar:/Users/yanildamartinez/.m2/repository/io/springfox/springfox-swagger-ui/2.7.0/springfox-swagger-ui-2.7.0.jar:/Users/yanildamartinez/.m2/repository/org/springframework/boot/spring-boot-starter-web/2.0.3.RELEASE/spring-boot-starter-web-2.0.3.RELEASE.jar:/Users/yanildamartinez/.m2/repository/org/springframework/boot/spring-boot-starter/2.0.3.RELEASE/spring-boot-starter-2.0.3.RELEASE.jar:/Users/yanildamartinez/.m2/repository/org/springframework/boot/spring-boot/2.0.3.RELEASE/spring-boot-2.0.3.RELEASE.jar:/Users/yanildamartinez/.m2/repository/org/springframework/boot/spring-boot-autoconfigure/2.0.3.RELEASE/spring-boot-autoconfigure-2.0.3.RELEASE.jar:/Users/yanildamartinez/.m2/repository/org/springframework/boot/spring-boot-starter-logging/2.0.3.RELEASE/spring-boot-starter-logging-2.0.3.RELEASE.jar:/Users/yanildamartinez/.m2/repository/ch/qos/logback/logback-classic/1.2.3/logback-classic-1.2.3.jar:/Users/yanildamartinez/.m2/repository/ch/qos/logback/logback-core/1.2.3/logback-core-1.2.3.jar:/Users/yanildamartinez/.m2/repository/org/apache/logging/log4j/log4j-to-slf4j/2.10.0/log4j-to-slf4j-2.10.0.jar:/Users/yanildamartinez/.m2/repository/org/apache/logging/log4j/log4j-api/2.10.0/log4j-api-2.10.0.jar:/Users/yanildamartinez/.m2/repository/org/slf4j/jul-to-slf4j/1.7.25/jul-to-slf4j-1.7.25.jar:/Users/yanildamartinez/.m2/repository/javax/annotation/javax.annotation-api/1.3.2/javax.annotation-api-1.3.2.jar:/Users/yanildamartinez/.m2/repository/org/yaml/snakeyaml/1.19/snakeyaml-1.19.jar:/Users/yanildamartinez/.m2/repository/org/springframework/boot/spring-boot-starter-json/2.0.3.RELEASE/spring-boot-starter-json-2.0.3.RELEASE.jar:/Users/yanildamartinez/.m2/repository/com/fasterxml/jackson/core/jackson-databind/2.9.6/jackson-databind-2.9.6.jar:/Users/yanildamartinez/.m2/repository/com/fasterxml/jackson/core/jackson-core/2.9.6/jackson-core-2.9.6.jar:/Users/yanildamartinez/.m2/repository/com/fasterxml/jackson/datatype/jackson-datatype-jdk8/2.9.6/jackson-datatype-jdk8-2.9.6.jar:/Users/yanildamartinez/.m2/repository/com/fasterxml/jackson/datatype/jackson-datatype-jsr310/2.9.6/jackson-datatype-jsr310-2.9.6.jar:/Users/yanildamartinez/.m2/repository/com/fasterxml/jackson/module/jackson-module-parameter-names/2.9.6/jackson-module-parameter-names-2.9.6.jar:/Users/yanildamartinez/.m2/repository/org/springframework/boot/spring-boot-starter-tomcat/2.0.3.RELEASE/spring-boot-starter-tomcat-2.0.3.RELEASE.jar:/Users/yanildamartinez/.m2/repository/org/apache/tomcat/embed/tomcat-embed-core/8.5.31/tomcat-embed-core-8.5.31.jar:/Users/yanildamartinez/.m2/repository/org/apache/tomcat/embed/tomcat-embed-el/8.5.31/tomcat-embed-el-8.5.31.jar:/Users/yanildamartinez/.m2/repository/org/apache/tomcat/embed/tomcat-embed-websocket/8.5.31/tomcat-embed-websocket-8.5.31.jar:/Users/yanildamartinez/.m2/repository/org/hibernate/validator/hibernate-validator/6.0.10.Final/hibernate-validator-6.0.10.Final.jar:/Users/yanildamartinez/.m2/repository/javax/validation/validation-api/2.0.1.Final/validation-api-2.0.1.Final.jar:/Users/yanildamartinez/.m2/repository/org/jboss/logging/jboss-logging/3.3.2.Final/jboss-logging-3.3.2.Final.jar:/Users/yanildamartinez/.m2/repository/org/springframework/spring-web/5.0.7.RELEASE/spring-web-5.0.7.RELEASE.jar:/Users/yanildamartinez/.m2/repository/org/springframework/spring-webmvc/5.0.7.RELEASE/spring-webmvc-5.0.7.RELEASE.jar:/Users/yanildamartinez/.m2/repository/org/springframework/spring-expression/5.0.7.RELEASE/spring-expression-5.0.7.RELEASE.jar:/Users/yanildamartinez/.m2/repository/org/springframework/boot/spring-boot-starter-actuator/2.0.3.RELEASE/spring-boot-starter-actuator-2.0.3.RELEASE.jar:/Users/yanildamartinez/.m2/repository/org/springframework/boot/spring-boot-actuator-autoconfigure/2.0.3.RELEASE/spring-boot-actuator-autoconfigure-2.0.3.RELEASE.jar:/Users/yanildamartinez/.m2/repository/org/springframework/boot/spring-boot-actuator/2.0.3.RELEASE/spring-boot-actuator-2.0.3.RELEASE.jar:/Users/yanildamartinez/.m2/repository/io/micrometer/micrometer-core/1.0.5/micrometer-core-1.0.5.jar:/Users/yanildamartinez/.m2/repository/org/hdrhistogram/HdrHistogram/2.1.10/HdrHistogram-2.1.10.jar:/Users/yanildamartinez/.m2/repository/org/latencyutils/LatencyUtils/2.0.3/LatencyUtils-2.0.3.jar:/Users/yanildamartinez/.m2/repository/org/springframework/boot/spring-boot-starter-test/2.0.3.RELEASE/spring-boot-starter-test-2.0.3.RELEASE.jar:/Users/yanildamartinez/.m2/repository/org/springframework/boot/spring-boot-test/2.0.3.RELEASE/spring-boot-test-2.0.3.RELEASE.jar:/Users/yanildamartinez/.m2/repository/org/springframework/boot/spring-boot-test-autoconfigure/2.0.3.RELEASE/spring-boot-test-autoconfigure-2.0.3.RELEASE.jar:/Users/yanildamartinez/.m2/repository/com/jayway/jsonpath/json-path/2.4.0/json-path-2.4.0.jar:/Users/yanildamartinez/.m2/repository/net/minidev/json-smart/2.3/json-smart-2.3.jar:/Users/yanildamartinez/.m2/repository/net/minidev/accessors-smart/1.2/accessors-smart-1.2.jar:/Users/yanildamartinez/.m2/repository/org/ow2/asm/asm/5.0.4/asm-5.0.4.jar:/Users/yanildamartinez/.m2/repository/junit/junit/4.12/junit-4.12.jar:/Users/yanildamartinez/.m2/repository/org/assertj/assertj-core/3.9.1/assertj-core-3.9.1.jar:/Users/yanildamartinez/.m2/repository/org/mockito/mockito-core/2.15.0/mockito-core-2.15.0.jar:/Users/yanildamartinez/.m2/repository/net/bytebuddy/byte-buddy/1.7.11/byte-buddy-1.7.11.jar:/Users/yanildamartinez/.m2/repository/net/bytebuddy/byte-buddy-agent/1.7.11/byte-buddy-agent-1.7.11.jar:/Users/yanildamartinez/.m2/repository/org/objenesis/objenesis/2.6/objenesis-2.6.jar:/Users/yanildamartinez/.m2/repository/org/hamcrest/hamcrest-core/1.3/hamcrest-core-1.3.jar:/Users/yanildamartinez/.m2/repository/org/hamcrest/hamcrest-library/1.3/hamcrest-library-1.3.jar:/Users/yanildamartinez/.m2/repository/org/skyscreamer/jsonassert/1.5.0/jsonassert-1.5.0.jar:/Users/yanildamartinez/.m2/repository/com/vaadin/external/google/android-json/0.0.20131108.vaadin1/android-json-0.0.20131108.vaadin1.jar:/Users/yanildamartinez/.m2/repository/org/springframework/spring-core/5.0.7.RELEASE/spring-core-5.0.7.RELEASE.jar:/Users/yanildamartinez/.m2/repository/org/springframework/spring-jcl/5.0.7.RELEASE/spring-jcl-5.0.7.RELEASE.jar:/Users/yanildamartinez/.m2/repository/org/springframework/spring-test/5.0.7.RELEASE/spring-test-5.0.7.RELEASE.jar:/Users/yanildamartinez/.m2/repository/org/xmlunit/xmlunit-core/2.5.1/xmlunit-core-2.5.1.jar:, user.name=yanildamartinez, java.vm.specification.version=1.8, sun.java.command=/Users/yanildamartinez/Documents/workspace/gs-actuator-service-master/complete/target/surefire/surefirebooter8579751027989077524.jar /Users/yanildamartinez/Documents/workspace/gs-actuator-service-master/complete/target/surefire 2018-08-26T22-27-15_678-jvmRun1 surefire8061720168961104012tmp surefire_07231576522553694397tmp, java.home=/Library/Java/JavaVirtualMachines/jdk1.8.0_72.jdk/Contents/Home/jre, sun.arch.data.model=64, user.language=en, java.specification.vendor=Oracle Corporation, awt.toolkit=sun.lwawt.macosx.LWCToolkit, java.vm.info=mixed mode, java.version=1.8.0_72, java.ext.dirs=/Users/yanildamartinez/Library/Java/Extensions:/Library/Java/JavaVirtualMachines/jdk1.8.0_72.jdk/Contents/Home/jre/lib/ext:/Library/Java/Extensions:/Network/Library/Java/Extensions:/System/Library/Java/Extensions:/usr/lib/java, sun.boot.class.path=/Library/Java/JavaVirtualMachines/jdk1.8.0_72.jdk/Contents/Home/jre/lib/resources.jar:/Library/Java/JavaVirtualMachines/jdk1.8.0_72.jdk/Contents/Home/jre/lib/rt.jar:/Library/Java/JavaVirtualMachines/jdk1.8.0_72.jdk/Contents/Home/jre/lib/sunrsasign.jar:/Library/Java/JavaVirtualMachines/jdk1.8.0_72.jdk/Contents/Home/jre/lib/jsse.jar:/Library/Java/JavaVirtualMachines/jdk1.8.0_72.jdk/Contents/Home/jre/lib/jce.jar:/Library/Java/JavaVirtualMachines/jdk1.8.0_72.jdk/Contents/Home/jre/lib/charsets.jar:/Library/Java/JavaVirtualMachines/jdk1.8.0_72.jdk/Contents/Home/jre/lib/jfr.jar:/Library/Java/JavaVirtualMachines/jdk1.8.0_72.jdk/Contents/Home/jre/classes, java.vendor=Oracle Corporation, localRepository=/Users/yanildamartinez/.m2/repository, file.separator=/, java.vendor.url.bug=http://bugreport.sun.com/bugreport/, sun.io.unicode.encoding=UnicodeBig, sun.cpu.endian=little, socksNonProxyHosts=local|*.local|169.254/16|*.169.254/16, ftp.nonProxyHosts=local|*.local|169.254/16|*.169.254/16, sun.cpu.isalist=}}, SystemEnvironmentPropertySource@370869802 {name='systemEnvironment', properties={PATH=/usr/local/opt/mongodb@3.4/bin:/Library/Frameworks/Python.framework/Versions/3.6/bin:/usr/local/bin:/usr/bin:/bin:/usr/sbin:/sbin:/usr/local/mongodb/bin:/bin, JAVA_MAIN_CLASS_58066=org.apache.maven.surefire.booter.ForkedBooter, JAVA_MAIN_CLASS_58045=org.codehaus.classworlds.Launcher, SHELL=/bin/bash, JAVA_HOME=/Library/Java/JavaVirtualMachines/jdk1.8.0_72.jdk/Contents/Home, MONGO_PATH=/usr/local/mongodb, OLDPWD=/Users/yanildamartinez/Documents/workspace/gs-actuator-service-master/complete, VERSIONER_PYTHON_PREFER_32_BIT=no, USER=yanildamartinez, TMPDIR=/var/folders/qr/ngwzdmc96y3b9_p2frll4rxm0000gn/T/, SSH_AUTH_SOCK=/private/tmp/com.apple.launchd.GaHjr05yDQ/Listeners, XPC_FLAGS=0x0, VERSIONER_PYTHON_VERSION=2.7, __CF_USER_TEXT_ENCODING=0x1F5:0x0:0x0, Apple_PubSub_Socket_Render=/private/tmp/com.apple.launchd.H9QQ4P6Z11/Render, LOGNAME=yanildamartinez, M3_HOME=/usr/local/cellar/maven/3.3.3, XPC_SERVICE_NAME=0, PWD=/Users/yanildamartinez/Documents/workspace/gs-actuator-service-master/complete, HOME=/Users/yanildamartinez, SHLVL=1, _=/Library/Java/JavaVirtualMachines/jdk1.8.0_72.jdk/Contents/Home/jre/bin/java}}]
22:27:17.143 [main] DEBUG org.springframework.core.io.support.PathMatchingResourcePatternResolver - Resolved classpath location [app/] to resources [URL [file:/Users/yanildamartinez/Documents/workspace/gs-actuator-service-master/complete/target/test-classes/app/]]
22:27:17.143 [main] DEBUG org.springframework.core.io.support.PathMatchingResourcePatternResolver - Looking for matching resources in directory tree [/Users/yanildamartinez/Documents/workspace/gs-actuator-service-master/complete/target/test-classes/app]
22:27:17.144 [main] DEBUG org.springframework.core.io.support.PathMatchingResourcePatternResolver - Searching directory [/Users/yanildamartinez/Documents/workspace/gs-actuator-service-master/complete/target/test-classes/app] for files matching pattern [/Users/yanildamartinez/Documents/workspace/gs-actuator-service-master/complete/target/test-classes/app/*.class]
22:27:17.147 [main] DEBUG org.springframework.core.io.support.PathMatchingResourcePatternResolver - Resolved location pattern [classpath*:app/*.class] to resources [file [/Users/yanildamartinez/Documents/workspace/gs-actuator-service-master/complete/target/test-classes/app/ApplicationTests.class], file [/Users/yanildamartinez/Documents/workspace/gs-actuator-service-master/complete/target/test-classes/app/ConnectedComponentTest.class], file [/Users/yanildamartinez/Documents/workspace/gs-actuator-service-master/complete/target/test-classes/app/ControllerTest.class]]
]]></system-out>
  </testcase>
</testsuite>